<?xml version="1.0" encoding="UTF-8"?>
<testng-results ignored="0" total="1" passed="1" failed="0" skipped="0">
  <reporter-output>
  </reporter-output>
  <suite started-at="2024-01-31T21:56:57 IST" name="Suite" finished-at="2024-01-31T21:57:27 IST" duration-ms="30256">
    <groups>
    </groups>
    <test started-at="2024-01-31T21:56:57 IST" name="Test" finished-at="2024-01-31T21:57:27 IST" duration-ms="30256">
      <class name="testCases.TC_01_CreateNew_Acct">
        <test-method is-config="true" signature="setup(java.lang.String)[pri:0, instance:testCases.TC_01_CreateNew_Acct@f5958c9]" started-at="2024-01-31T21:56:58 IST" name="setup" finished-at="2024-01-31T21:57:17 IST" duration-ms="18965" status="PASS">
          <params>
            <param index="0">
              <value>
                <![CDATA[chrome]]>
              </value>
            </param>
          </params>
          <reporter-output>
          </reporter-output>
        </test-method> <!-- setup -->
        <test-method signature="CreateAccount()[pri:0, instance:testCases.TC_01_CreateNew_Acct@f5958c9]" started-at="2024-01-31T21:57:17 IST" name="CreateAccount" finished-at="2024-01-31T21:57:27 IST" duration-ms="10254" status="PASS">
          <reporter-output>
          </reporter-output>
        </test-method> <!-- CreateAccount -->
        <test-method is-config="true" signature="close()[pri:0, instance:testCases.TC_01_CreateNew_Acct@f5958c9]" started-at="2024-01-31T21:57:27 IST" name="close" finished-at="2024-01-31T21:57:27 IST" duration-ms="427" status="PASS">
          <reporter-output>
          </reporter-output>
        </test-method> <!-- close -->
      </class> <!-- testCases.TC_01_CreateNew_Acct -->
    </test> <!-- Test -->
  </suite> <!-- Suite -->
</testng-results>
